2019-08-30 22:27:28,073 [INFO] start 10 [src/TestOnline.cc:main:8]
2019-08-30 22:27:51,222 [INFO] start 10 [src/TestOnline.cc:main:8]
2019-08-31 17:15:41,319 [DEBUG] load rigepage success, size = 12 [src/WordQuery.cc:loadLibrary:31]
2019-08-31 17:19:52,329 [ERROR] tinyxml2 load file error [src/WordQuery.cc:loadLibrary:22]
2019-08-31 17:21:34,752 [DEBUG] load rigepage success, size = 12 [src/WordQuery.cc:loadLibrary:38]
2019-08-31 17:31:09,721 [DEBUG] load rigepage success, size = 12 [src/WordQuery.cc:loadLibrary:38]
2019-08-31 17:31:11,001 [DEBUG] load rigepage success, size = 12 [src/WordQuery.cc:loadLibrary:38]
2019-08-31 17:31:14,742 [DEBUG] load rigepage success, size = 12 [src/WordQuery.cc:loadLibrary:38]
2019-08-31 17:31:16,799 [DEBUG] load rigepage success, size = 12 [src/WordQuery.cc:loadLibrary:38]
2019-08-31 17:51:59,985 [DEBUG] load rigepage success, size = 12 [src/WordQuery.cc:loadLibrary:39]
2019-08-31 20:32:57,797 [DEBUG] load rigepage success, size = 389 [src/WordQuery.cc:loadLibrary:32]
2019-08-31 20:34:11,924 [DEBUG] load rigepage success, size = 389 [src/WordQuery.cc:loadLibrary:37]
2019-08-31 20:35:33,221 [DEBUG] load rigepage success, size = 389 [src/WordQuery.cc:loadLibrary:37]
2019-08-31 20:42:04,038 [DEBUG] read config file success [src/Configuration.cc:readFile:49]
2019-08-31 20:42:04,063 [DEBUG] load rigepage success, size = 389 [src/WordQuery.cc:loadLibrary:37]
2019-08-31 21:09:04,347 [DEBUG] read config file success [src/Configuration.cc:readFile:49]
2019-08-31 21:09:04,373 [DEBUG] load rigepage success, size = 389 [src/WordQuery.cc : loadLibrary:38]
2019-08-31 21:09:04,525 [DEBUG] load invert index success, size = 34614 [src/WordQuery.cc : loadLibrary:61]
2019-08-31 21:31:08,441 [DEBUG] read config file success [src/Configuration.cc:readFile:49]
2019-08-31 21:31:09,991 [DEBUG] load rigepage success, size = 389 [src/WordQuery.cc : loadLibrary:37]
2019-08-31 21:31:10,144 [DEBUG] load invert index success, size = 34614 [src/WordQuery.cc : loadLibrary:58]
2019-08-31 21:34:01,674 [DEBUG] read config file success [src/Configuration.cc:readFile:49]
2019-08-31 21:34:03,268 [DEBUG] load rigepage success, size = 389 [src/WordQuery.cc : loadLibrary:37]
2019-08-31 21:34:03,432 [DEBUG] load invert index success, size = 34614 [src/WordQuery.cc : loadLibrary:58]
2019-08-31 21:37:33,022 [DEBUG] read config file success [src/Configuration.cc:readFile:49]
2019-08-31 21:37:34,618 [DEBUG] load rigepage success, size = 389 [src/WordQuery.cc : loadLibrary:37]
2019-08-31 21:37:34,806 [DEBUG] load invert index success, size = 34614 [src/WordQuery.cc : loadLibrary:58]
2019-08-31 21:42:08,915 [DEBUG] read config file success [src/Configuration.cc:readFile:49]
2019-08-31 21:42:10,664 [DEBUG] load rigepage success, size = 389 [src/WordQuery.cc : loadLibrary:37]
2019-08-31 21:42:10,854 [DEBUG] load invert index success, size = 34614 [src/WordQuery.cc : loadLibrary:58]
2019-08-31 21:47:26,414 [DEBUG] read config file success [src/Configuration.cc:readFile:49]
2019-08-31 21:47:28,038 [DEBUG] load rigepage success, size = 389 [src/WordQuery.cc : loadLibrary:37]
2019-08-31 21:47:28,205 [DEBUG] load invert index success, size = 34614 [src/WordQuery.cc : loadLibrary:58]
2019-08-31 21:51:04,390 [DEBUG] read config file success [src/Configuration.cc:readFile:49]
2019-08-31 21:51:05,967 [DEBUG] load rigepage success, size = 389 [src/WordQuery.cc : loadLibrary:37]
2019-08-31 21:51:06,124 [DEBUG] load invert index success, size = 34614 [src/WordQuery.cc : loadLibrary:58]
2019-08-31 21:51:59,488 [DEBUG] read config file success [src/Configuration.cc:readFile:49]
2019-08-31 21:52:01,010 [DEBUG] load rigepage success, size = 389 [src/WordQuery.cc : loadLibrary:37]
2019-08-31 21:52:01,171 [DEBUG] load invert index success, size = 34614 [src/WordQuery.cc : loadLibrary:58]
2019-08-31 22:00:19,958 [DEBUG] read config file success [src/Configuration.cc:readFile:49]
2019-08-31 22:00:21,478 [DEBUG] load rigepage success, size = 389 [src/WordQuery.cc : loadLibrary:37]
2019-08-31 22:00:21,632 [DEBUG] load invert index success, size = 34614 [src/WordQuery.cc : loadLibrary:58]
2019-08-31 22:00:51,950 [DEBUG] read config file success [src/Configuration.cc:readFile:49]
2019-08-31 22:00:53,458 [DEBUG] load rigepage success, size = 389 [src/WordQuery.cc : loadLibrary:37]
2019-08-31 22:00:53,610 [DEBUG] load invert index success, size = 34614 [src/WordQuery.cc : loadLibrary:58]
2019-08-31 22:01:17,427 [DEBUG] read config file success [src/Configuration.cc:readFile:49]
2019-08-31 22:01:18,953 [DEBUG] load rigepage success, size = 389 [src/WordQuery.cc : loadLibrary:37]
2019-08-31 22:01:19,111 [DEBUG] load invert index success, size = 34614 [src/WordQuery.cc : loadLibrary:58]
2019-08-31 22:20:15,699 [DEBUG] read config file success [src/Configuration.cc:readFile:49]
2019-08-31 22:20:17,300 [DEBUG] load rigepage success, size = 389 [src/WordQuery.cc : loadLibrary:37]
2019-08-31 22:20:17,461 [DEBUG] load invert index success, size = 34614 [src/WordQuery.cc : loadLibrary:58]
2019-08-31 22:20:37,572 [DEBUG] read config file success [src/Configuration.cc:readFile:49]
2019-08-31 22:20:39,087 [DEBUG] load rigepage success, size = 389 [src/WordQuery.cc : loadLibrary:38]
2019-08-31 22:20:39,243 [DEBUG] load invert index success, size = 34614 [src/WordQuery.cc : loadLibrary:59]
2019-08-31 22:20:40,885 [DEBUG] load rigepage success, size = 389 [src/WordQuery.cc : loadLibrary:38]
2019-08-31 22:20:41,056 [DEBUG] load invert index success, size = 34614 [src/WordQuery.cc : loadLibrary:59]
2019-08-31 22:21:18,699 [DEBUG] read config file success [src/Configuration.cc:readFile:49]
2019-08-31 22:21:20,213 [DEBUG] load rigepage success, size = 389 [src/WordQuery.cc : loadLibrary:38]
2019-08-31 22:21:20,365 [DEBUG] load invert index success, size = 34614 [src/WordQuery.cc : loadLibrary:59]
2019-08-31 22:24:52,263 [DEBUG] read config file success [src/Configuration.cc:readFile:49]
2019-08-31 22:24:53,876 [DEBUG] load rigepage success, size = 389 [src/WordQuery.cc : loadLibrary:38]
2019-08-31 22:24:54,052 [DEBUG] load invert index success, size = 34614 [src/WordQuery.cc : loadLibrary:59]
2019-08-31 22:27:12,650 [DEBUG] read config file success [src/Configuration.cc:readFile:49]
2019-08-31 22:27:14,184 [DEBUG] load rigepage success, size = 389 [src/WordQuery.cc : loadLibrary:38]
2019-08-31 22:27:14,338 [DEBUG] load invert index success, size = 34614 [src/WordQuery.cc : loadLibrary:59]
2019-08-31 22:31:08,893 [DEBUG] read config file success [src/Configuration.cc:readFile:49]
2019-08-31 22:31:10,458 [DEBUG] load rigepage success, size = 389 [src/WordQuery.cc : loadLibrary:38]
2019-08-31 22:31:10,613 [DEBUG] load invert index success, size = 34614 [src/WordQuery.cc : loadLibrary:59]
2019-08-31 22:31:35,243 [DEBUG] read config file success [src/Configuration.cc:readFile:49]
2019-08-31 22:31:36,821 [DEBUG] load rigepage success, size = 389 [src/WordQuery.cc : loadLibrary:38]
2019-08-31 22:31:36,974 [DEBUG] load invert index success, size = 34614 [src/WordQuery.cc : loadLibrary:59]
2019-09-01 10:35:15,494 [DEBUG] read config file success [src/Configuration.cc:readFile:49]
2019-09-01 10:35:17,160 [DEBUG] load rigepage success, size = 389 [src/WordQuery.cc : loadLibrary:38]
2019-09-01 10:35:17,335 [DEBUG] load invert index success, size = 34614 [src/WordQuery.cc : loadLibrary:59]
2019-09-01 10:48:32,328 [DEBUG] read config file success [src/Configuration.cc:readFile:49]
2019-09-01 10:48:33,974 [DEBUG] load rigepage success, size = 389 [src/WordQuery.cc : loadLibrary:38]
2019-09-01 10:48:34,150 [DEBUG] load invert index success, size = 34614 [src/WordQuery.cc : loadLibrary:59]
2019-09-01 10:57:51,340 [DEBUG] read config file success [src/Configuration.cc:readFile:49]
2019-09-01 10:57:52,973 [DEBUG] load rigepage success, size = 389 [src/WordQuery.cc : loadLibrary:38]
2019-09-01 10:57:53,147 [DEBUG] load invert index success, size = 34614 [src/WordQuery.cc : loadLibrary:59]
2019-09-01 11:04:40,827 [DEBUG] read config file success [src/Configuration.cc:readFile:49]
2019-09-01 11:04:42,462 [DEBUG] load rigepage success, size = 389 [src/WordQuery.cc : loadLibrary:38]
2019-09-01 11:04:42,629 [DEBUG] load invert index success, size = 34614 [src/WordQuery.cc : loadLibrary:59]
2019-09-01 11:18:31,999 [DEBUG] read config file success [src/Configuration.cc:readFile:49]
2019-09-01 11:18:33,596 [DEBUG] load rigepage success, size = 389 [src/WordQuery.cc : loadLibrary:38]
2019-09-01 11:18:33,755 [DEBUG] load invert index success, size = 34614 [src/WordQuery.cc : loadLibrary:59]
2019-09-01 11:20:45,228 [DEBUG] read config file success [src/Configuration.cc:readFile:49]
2019-09-01 11:20:46,921 [DEBUG] load rigepage success, size = 389 [src/WordQuery.cc : loadLibrary:38]
2019-09-01 11:20:47,098 [DEBUG] load invert index success, size = 34614 [src/WordQuery.cc : loadLibrary:59]
2019-09-01 11:33:16,319 [DEBUG] read config file success [src/Configuration.cc:readFile:49]
2019-09-01 11:33:18,061 [DEBUG] load rigepage success, size = 389 [src/WordQuery.cc : loadLibrary:38]
2019-09-01 11:33:18,237 [DEBUG] load invert index success, size = 34614 [src/WordQuery.cc : loadLibrary:59]
2019-09-01 11:46:54,658 [DEBUG] read config file success [src/Configuration.cc:readFile:49]
2019-09-01 11:46:56,280 [DEBUG] load rigepage success, size = 389 [src/WordQuery.cc : loadLibrary:38]
2019-09-01 11:46:56,452 [DEBUG] load invert index success, size = 34614 [src/WordQuery.cc : loadLibrary:59]
2019-09-01 11:54:42,363 [DEBUG] read config file success [src/Configuration.cc:readFile:49]
2019-09-01 11:54:44,001 [DEBUG] load rigepage success, size = 389 [src/WordQuery.cc : loadLibrary:38]
2019-09-01 11:54:44,175 [DEBUG] load invert index success, size = 34614 [src/WordQuery.cc : loadLibrary:59]
2019-09-01 12:28:25,529 [DEBUG] read config file success [src/Configuration.cc:readFile:49]
2019-09-01 12:28:27,198 [DEBUG] load rigepage success, size = 389 [src/WordQuery.cc : loadLibrary:38]
2019-09-01 12:28:27,355 [DEBUG] load invert index success, size = 34614 [src/WordQuery.cc : loadLibrary:59]
2019-09-01 14:20:49,771 [DEBUG] read config file success [src/Configuration.cc:readFile:49]
2019-09-01 14:20:51,409 [DEBUG] load rigepage success, size = 389 [src/WordQuery.cc : loadLibrary:38]
2019-09-01 14:20:51,566 [DEBUG] load invert index success, size = 34614 [src/WordQuery.cc : loadLibrary:59]
2019-09-01 14:24:31,033 [DEBUG] read config file success [src/Configuration.cc:readFile:49]
2019-09-01 14:24:32,597 [DEBUG] load rigepage success, size = 389 [src/WordQuery.cc : loadLibrary:38]
2019-09-01 14:24:32,759 [DEBUG] load invert index success, size = 34614 [src/WordQuery.cc : loadLibrary:59]
2019-09-01 19:42:04,755 [DEBUG] read config file success [src/Configuration.cc : readFile:49]
2019-09-01 19:42:06,303 [DEBUG] load rigepage success, size = 389 [src/WordQuery.cc : loadLibrary:67]
2019-09-01 19:42:06,470 [DEBUG] load invert index success, size = 34614 [src/WordQuery.cc : loadLibrary:88]
2019-09-01 19:44:17,601 [DEBUG] read config file success [src/Configuration.cc : readFile:49]
2019-09-01 19:44:19,177 [DEBUG] load rigepage success, size = 389 [src/WordQuery.cc : loadLibrary:67]
2019-09-01 19:44:19,338 [DEBUG] load invert index success, size = 34614 [src/WordQuery.cc : loadLibrary:88]
2019-09-01 19:46:37,780 [DEBUG] read config file success [src/Configuration.cc : readFile:49]
2019-09-01 19:46:39,317 [DEBUG] load rigepage success, size = 389 [src/WordQuery.cc : loadLibrary:67]
2019-09-01 19:46:39,467 [DEBUG] load invert index success, size = 34614 [src/WordQuery.cc : loadLibrary:88]
2019-09-01 21:25:17,245 [DEBUG] read config file success [src/Configuration.cc : readFile:49]
2019-09-01 21:25:18,806 [DEBUG] load rigepage success, size = 389 [src/WordQuery.cc : loadLibrary:68]
2019-09-01 21:25:18,959 [DEBUG] load invert index success, size = 34614 [src/WordQuery.cc : loadLibrary:89]
2019-09-01 21:29:47,502 [DEBUG] read config file success [src/Configuration.cc : readFile:49]
2019-09-01 21:29:49,088 [DEBUG] load rigepage success, size = 389 [src/WordQuery.cc : loadLibrary:68]
2019-09-01 21:29:49,247 [DEBUG] load invert index success, size = 34614 [src/WordQuery.cc : loadLibrary:89]
2019-09-02 10:25:35,819 [DEBUG] read config file success [src/Configuration.cc : readFile:49]
2019-09-02 10:25:37,339 [DEBUG] load rigepage success, size = 389 [src/WordQuery.cc : loadLibrary:68]
2019-09-02 10:25:37,495 [DEBUG] load invert index success, size = 34614 [src/WordQuery.cc : loadLibrary:89]
2019-09-02 10:29:54,367 [DEBUG] read config file success [src/Configuration.cc : readFile:49]
2019-09-02 10:29:56,081 [DEBUG] load rigepage success, size = 389 [src/WordQuery.cc : loadLibrary:68]
2019-09-02 10:29:56,299 [DEBUG] load invert index success, size = 34614 [src/WordQuery.cc : loadLibrary:89]
2019-09-02 10:31:00,826 [DEBUG] read config file success [src/Configuration.cc : readFile:49]
2019-09-02 10:31:02,527 [DEBUG] load rigepage success, size = 389 [src/WordQuery.cc : loadLibrary:68]
2019-09-02 10:31:02,709 [DEBUG] load invert index success, size = 34614 [src/WordQuery.cc : loadLibrary:89]
2019-09-02 10:31:16,516 [INFO] OZÑU, not found [src/WordQuery.cc : doQuery:101]
2019-09-02 10:44:23,107 [DEBUG] read config file success [src/Configuration.cc : readFile:49]
2019-09-02 10:44:24,847 [DEBUG] load rigepage success, size = 389 [src/WordQuery.cc : loadLibrary:68]
2019-09-02 10:44:25,120 [DEBUG] load invert index success, size = 34614 [src/WordQuery.cc : loadLibrary:89]
2019-09-02 10:55:13,816 [DEBUG] read config file success [src/Configuration.cc : readFile:49]
2019-09-02 10:55:15,573 [DEBUG] load rigepage success, size = 389 [src/WordQuery.cc : loadLibrary:68]
2019-09-02 10:55:15,778 [DEBUG] load invert index success, size = 34614 [src/WordQuery.cc : loadLibrary:89]
2019-09-02 10:56:51,733 [DEBUG] read config file success [src/Configuration.cc : readFile:49]
2019-09-02 10:56:53,245 [DEBUG] load rigepage success, size = 389 [src/WordQuery.cc : loadLibrary:68]
2019-09-02 10:56:53,397 [DEBUG] load invert index success, size = 34614 [src/WordQuery.cc : loadLibrary:89]
2019-09-02 11:25:28,516 [DEBUG] read config file success [src/Configuration.cc : readFile:49]
2019-09-02 11:25:30,234 [DEBUG] load rigepage success, size = 389 [src/WordQuery.cc : loadLibrary:68]
2019-09-02 11:25:30,439 [DEBUG] load invert index success, size = 34614 [src/WordQuery.cc : loadLibrary:89]
2019-09-02 11:27:04,440 [DEBUG] read config file success [src/Configuration.cc : readFile:49]
2019-09-02 11:27:06,266 [DEBUG] load rigepage success, size = 389 [src/WordQuery.cc : loadLibrary:68]
2019-09-02 11:27:06,470 [DEBUG] load invert index success, size = 34614 [src/WordQuery.cc : loadLibrary:89]
2019-09-02 11:27:44,962 [DEBUG] read config file success [src/Configuration.cc : readFile:49]
2019-09-02 11:27:46,497 [DEBUG] load rigepage success, size = 389 [src/WordQuery.cc : loadLibrary:68]
2019-09-02 11:27:46,656 [DEBUG] load invert index success, size = 34614 [src/WordQuery.cc : loadLibrary:89]
2019-09-02 11:30:24,032 [DEBUG] read config file success [src/Configuration.cc : readFile:49]
2019-09-02 11:30:25,773 [DEBUG] load rigepage success, size = 389 [src/WordQuery.cc : loadLibrary:68]
2019-09-02 11:30:25,937 [DEBUG] load invert index success, size = 34614 [src/WordQuery.cc : loadLibrary:89]
2019-09-02 11:32:18,897 [DEBUG] read config file success [src/Configuration.cc : readFile:49]
2019-09-02 11:32:20,580 [DEBUG] load rigepage success, size = 389 [src/WordQuery.cc : loadLibrary:68]
2019-09-02 11:32:20,759 [DEBUG] load invert index success, size = 34614 [src/WordQuery.cc : loadLibrary:89]
2019-09-02 11:34:27,358 [DEBUG] read config file success [src/Configuration.cc : readFile:49]
2019-09-02 11:34:29,003 [DEBUG] load rigepage success, size = 389 [src/WordQuery.cc : loadLibrary:68]
2019-09-02 11:34:29,179 [DEBUG] load invert index success, size = 34614 [src/WordQuery.cc : loadLibrary:89]
2019-09-02 11:39:01,490 [DEBUG] read config file success [src/Configuration.cc : readFile:49]
2019-09-02 11:39:03,246 [DEBUG] load rigepage success, size = 389 [src/WordQuery.cc : loadLibrary:68]
2019-09-02 11:39:03,447 [DEBUG] load invert index success, size = 34614 [src/WordQuery.cc : loadLibrary:89]
2019-09-02 11:40:21,081 [DEBUG] read config file success [src/Configuration.cc : readFile:49]
2019-09-02 11:40:22,823 [DEBUG] load rigepage success, size = 389 [src/WordQuery.cc : loadLibrary:68]
2019-09-02 11:40:23,028 [DEBUG] load invert index success, size = 34614 [src/WordQuery.cc : loadLibrary:89]
2019-09-02 11:41:17,973 [DEBUG] read config file success [src/Configuration.cc : readFile:49]
2019-09-02 11:41:19,683 [DEBUG] load rigepage success, size = 389 [src/WordQuery.cc : loadLibrary:68]
2019-09-02 11:41:19,897 [DEBUG] load invert index success, size = 34614 [src/WordQuery.cc : loadLibrary:89]
2019-09-02 11:42:02,278 [DEBUG] read config file success [src/Configuration.cc : readFile:49]
2019-09-02 11:42:04,054 [DEBUG] load rigepage success, size = 389 [src/WordQuery.cc : loadLibrary:68]
2019-09-02 11:42:04,312 [DEBUG] load invert index success, size = 34614 [src/WordQuery.cc : loadLibrary:89]
2019-09-02 16:23:22,262 [DEBUG] read config file success [src/Configuration.cc : readFile:49]
2019-09-02 16:23:24,039 [DEBUG] load rigepage success, size = 389 [src/WordQuery.cc : loadLibrary:68]
2019-09-02 16:23:24,211 [DEBUG] load invert index success, size = 34614 [src/WordQuery.cc : loadLibrary:89]
2019-09-02 16:27:46,704 [DEBUG] read config file success [src/Configuration.cc : readFile:49]
2019-09-02 16:27:48,310 [DEBUG] load rigepage success, size = 389 [src/WordQuery.cc : loadLibrary:68]
2019-09-02 16:27:48,470 [DEBUG] load invert index success, size = 34614 [src/WordQuery.cc : loadLibrary:89]
2019-09-02 16:30:39,592 [DEBUG] read config file success [src/Configuration.cc : readFile:49]
2019-09-02 16:30:41,348 [DEBUG] load rigepage success, size = 389 [src/WordQuery.cc : loadLibrary:68]
2019-09-02 16:30:41,517 [DEBUG] load invert index success, size = 34614 [src/WordQuery.cc : loadLibrary:89]
2019-09-02 16:37:32,178 [DEBUG] read config file success [src/Configuration.cc : readFile:49]
2019-09-02 16:37:33,813 [DEBUG] load rigepage success, size = 389 [src/WordQuery.cc : loadLibrary:68]
2019-09-02 16:37:33,993 [DEBUG] load invert index success, size = 34614 [src/WordQuery.cc : loadLibrary:89]
2019-09-02 16:38:58,773 [DEBUG] read config file success [src/Configuration.cc : readFile:49]
2019-09-02 16:39:00,473 [DEBUG] load rigepage success, size = 389 [src/WordQuery.cc : loadLibrary:68]
2019-09-02 16:39:00,634 [DEBUG] load invert index success, size = 34614 [src/WordQuery.cc : loadLibrary:89]
2019-09-02 16:42:22,747 [DEBUG] read config file success [src/Configuration.cc : readFile:49]
2019-09-02 16:42:24,460 [DEBUG] load rigepage success, size = 389 [src/WordQuery.cc : loadLibrary:68]
2019-09-02 16:42:24,626 [DEBUG] load invert index success, size = 34614 [src/WordQuery.cc : loadLibrary:89]
2019-09-02 16:44:00,208 [DEBUG] read config file success [src/Configuration.cc : readFile:49]
2019-09-02 16:44:01,973 [DEBUG] load rigepage success, size = 389 [src/WordQuery.cc : loadLibrary:68]
2019-09-02 16:44:02,155 [DEBUG] load invert index success, size = 34614 [src/WordQuery.cc : loadLibrary:89]
2019-09-02 16:46:55,509 [DEBUG] read config file success [src/Configuration.cc : readFile:49]
2019-09-02 16:46:57,086 [DEBUG] load rigepage success, size = 389 [src/WordQuery.cc : loadLibrary:68]
2019-09-02 16:46:57,257 [DEBUG] load invert index success, size = 34614 [src/WordQuery.cc : loadLibrary:89]
2019-09-02 16:48:37,688 [DEBUG] read config file success [src/Configuration.cc : readFile:49]
2019-09-02 16:48:39,450 [DEBUG] load rigepage success, size = 389 [src/WordQuery.cc : loadLibrary:68]
2019-09-02 16:48:39,652 [DEBUG] load invert index success, size = 34614 [src/WordQuery.cc : loadLibrary:89]
2019-09-02 16:52:20,504 [DEBUG] read config file success [src/Configuration.cc : readFile:49]
2019-09-02 16:52:22,161 [DEBUG] load rigepage success, size = 389 [src/WordQuery.cc : loadLibrary:68]
2019-09-02 16:52:22,333 [DEBUG] load invert index success, size = 34614 [src/WordQuery.cc : loadLibrary:89]
2019-09-02 17:06:46,283 [DEBUG] read config file success [src/Configuration.cc : readFile:49]
2019-09-02 17:06:47,823 [DEBUG] load rigepage success, size = 389 [src/WordQuery.cc : loadLibrary:68]
2019-09-02 17:06:47,991 [DEBUG] load invert index success, size = 34614 [src/WordQuery.cc : loadLibrary:89]
2019-09-02 17:11:06,097 [DEBUG] read config file success [src/Configuration.cc : readFile:49]
2019-09-02 17:11:07,865 [DEBUG] load rigepage success, size = 389 [src/WordQuery.cc : loadLibrary:68]
2019-09-02 17:11:08,076 [DEBUG] load invert index success, size = 34614 [src/WordQuery.cc : loadLibrary:89]
2019-09-02 17:11:09,711 [INFO] 127.0.0.1:5080 --> 127.0.0.1:5080 connected [src/WordQueryServer.cc : onConnection:22]
2019-09-02 17:11:34,964 [INFO] 127.0.0.1:5080 --> 127.0.0.1:5080 connected [src/WordQueryServer.cc : onConnection:22]
2019-09-02 17:11:34,965 [INFO] dsgshkgfdhfdhlsd, not found [src/WordQuery.cc : doQuery:101]
2019-09-02 17:14:54,570 [DEBUG] read config file success [src/Configuration.cc : readFile:49]
2019-09-02 17:14:56,266 [DEBUG] load rigepage success, size = 389 [src/WordQuery.cc : loadLibrary:68]
2019-09-02 17:14:56,429 [DEBUG] load invert index success, size = 34614 [src/WordQuery.cc : loadLibrary:89]
2019-09-02 17:15:04,811 [INFO] 127.0.0.1:5080 --> 127.0.0.1:5080 connected [src/WordQueryServer.cc : onConnection:22]
2019-09-02 17:15:04,811 [INFO] receive from client: è§†é¢‘ [src/WordQueryServer.cc : onMessage:30]
2019-09-02 17:15:04,819 [INFO] 127.0.0.1:5080 --> 127.0.0.1:5080 disconnected [src/WordQueryServer.cc : onClose:36]
